<?xml version="1.0" encoding="UTF-8"?>
<!-- Generated by org.testng.reporters.JUnitXMLReporter -->
<testsuite ignored="0" hostname="DESKTOP-7AQM5E7" failures="0" tests="5" name="Test" time="61.262" errors="0" timestamp="2024-09-20T11:13:37 IST">
  <testcase classname="testCases.TC003_LoginDDT" name="verify_loginDDT" time="2.868"/>
  <testcase classname="testCases.TC003_LoginDDT" name="verify_loginDDT" time="2.192"/>
  <testcase classname="testCases.TC003_LoginDDT" name="verify_loginDDT" time="11.653"/>
  <testcase classname="testCases.TC001_AccountRegistration" name="accReg" time="6.628"/>
  <testcase classname="testCases.TC002_LoginTest" name="verify_login" time="1.648"/>
</testsuite> <!-- Test -->
