<?xml version="1.0" encoding="UTF-8"?>
<testng-results ignored="0" total="5" passed="5" failed="0" skipped="0">
  <reporter-output>
  </reporter-output>
  <suite started-at="2024-09-20T11:12:32 IST" name="Suite" finished-at="2024-09-20T11:13:34 IST" duration-ms="61262">
    <groups>
      <group name="Master">
        <method signature="TC001_AccountRegistration.accReg()[pri:0, instance:testCases.TC001_AccountRegistration@40499e4f]" name="accReg" class="testCases.TC001_AccountRegistration"/>
        <method signature="TC002_LoginTest.verify_login()[pri:0, instance:testCases.TC002_LoginTest@51cd7ffc]" name="verify_login" class="testCases.TC002_LoginTest"/>
      </group> <!-- Master -->
      <group name="Sanity">
        <method signature="TC002_LoginTest.verify_login()[pri:0, instance:testCases.TC002_LoginTest@51cd7ffc]" name="verify_login" class="testCases.TC002_LoginTest"/>
      </group> <!-- Sanity -->
      <group name="DataDriven">
        <method signature="TC003_LoginDDT.verify_loginDDT(java.lang.String,java.lang.String,java.lang.String)[pri:0, instance:testCases.TC003_LoginDDT@a4b2d8f]" name="verify_loginDDT" class="testCases.TC003_LoginDDT"/>
      </group> <!-- DataDriven -->
      <group name="Regression">
        <method signature="TC001_AccountRegistration.accReg()[pri:0, instance:testCases.TC001_AccountRegistration@40499e4f]" name="accReg" class="testCases.TC001_AccountRegistration"/>
      </group> <!-- Regression -->
    </groups>
    <test started-at="2024-09-20T11:12:32 IST" name="Test" finished-at="2024-09-20T11:13:34 IST" duration-ms="61262">
      <class name="testCases.TC002_LoginTest">
        <test-method is-config="true" signature="setup(java.lang.String,java.lang.String)[pri:0, instance:testCases.TC002_LoginTest@51cd7ffc]" started-at="2024-09-20T11:13:18 IST" name="setup" finished-at="2024-09-20T11:13:32 IST" duration-ms="13264" status="PASS">
          <params>
            <param index="0">
              <value>
                <![CDATA[Windows]]>
              </value>
            </param>
            <param index="1">
              <value>
                <![CDATA[chrome]]>
              </value>
            </param>
          </params>
          <reporter-output>
          </reporter-output>
        </test-method> <!-- setup -->
        <test-method signature="verify_login()[pri:0, instance:testCases.TC002_LoginTest@51cd7ffc]" started-at="2024-09-20T11:13:32 IST" name="verify_login" finished-at="2024-09-20T11:13:33 IST" duration-ms="1648" status="PASS">
          <reporter-output>
          </reporter-output>
        </test-method> <!-- verify_login -->
        <test-method is-config="true" signature="tearDown()[pri:0, instance:testCases.TC002_LoginTest@51cd7ffc]" started-at="2024-09-20T11:13:33 IST" name="tearDown" finished-at="2024-09-20T11:13:34 IST" duration-ms="328" status="PASS">
          <reporter-output>
          </reporter-output>
        </test-method> <!-- tearDown -->
      </class> <!-- testCases.TC002_LoginTest -->
      <class name="testCases.TC001_AccountRegistration">
        <test-method is-config="true" signature="setup(java.lang.String,java.lang.String)[pri:0, instance:testCases.TC001_AccountRegistration@40499e4f]" started-at="2024-09-20T11:13:04 IST" name="setup" finished-at="2024-09-20T11:13:10 IST" duration-ms="5431" status="PASS">
          <params>
            <param index="0">
              <value>
                <![CDATA[Windows]]>
              </value>
            </param>
            <param index="1">
              <value>
                <![CDATA[chrome]]>
              </value>
            </param>
          </params>
          <reporter-output>
          </reporter-output>
        </test-method> <!-- setup -->
        <test-method signature="accReg()[pri:0, instance:testCases.TC001_AccountRegistration@40499e4f]" started-at="2024-09-20T11:13:10 IST" name="accReg" finished-at="2024-09-20T11:13:16 IST" duration-ms="6628" status="PASS">
          <reporter-output>
          </reporter-output>
        </test-method> <!-- accReg -->
        <test-method is-config="true" signature="tearDown()[pri:0, instance:testCases.TC001_AccountRegistration@40499e4f]" started-at="2024-09-20T11:13:16 IST" name="tearDown" finished-at="2024-09-20T11:13:18 IST" duration-ms="1938" status="PASS">
          <reporter-output>
          </reporter-output>
        </test-method> <!-- tearDown -->
      </class> <!-- testCases.TC001_AccountRegistration -->
      <class name="testCases.TC003_LoginDDT">
        <test-method is-config="true" signature="setup(java.lang.String,java.lang.String)[pri:0, instance:testCases.TC003_LoginDDT@a4b2d8f]" started-at="2024-09-20T11:12:33 IST" name="setup" finished-at="2024-09-20T11:12:44 IST" duration-ms="10869" status="PASS">
          <params>
            <param index="0">
              <value>
                <![CDATA[Windows]]>
              </value>
            </param>
            <param index="1">
              <value>
                <![CDATA[chrome]]>
              </value>
            </param>
          </params>
          <reporter-output>
          </reporter-output>
        </test-method> <!-- setup -->
        <test-method signature="verify_loginDDT(java.lang.String,java.lang.String,java.lang.String)[pri:0, instance:testCases.TC003_LoginDDT@a4b2d8f]" started-at="2024-09-20T11:12:47 IST" name="verify_loginDDT" data-provider="LoginData" finished-at="2024-09-20T11:12:49 IST" duration-ms="2868" status="PASS">
          <params>
            <param index="0">
              <value>
                <![CDATA[pavanoltraining@gmail.com]]>
              </value>
            </param>
            <param index="1">
              <value>
                <![CDATA[test@123]]>
              </value>
            </param>
            <param index="2">
              <value>
                <![CDATA[Valid]]>
              </value>
            </param>
          </params>
          <reporter-output>
          </reporter-output>
        </test-method> <!-- verify_loginDDT -->
        <test-method signature="verify_loginDDT(java.lang.String,java.lang.String,java.lang.String)[pri:0, instance:testCases.TC003_LoginDDT@a4b2d8f]" started-at="2024-09-20T11:12:50 IST" name="verify_loginDDT" data-provider="LoginData" finished-at="2024-09-20T11:12:52 IST" duration-ms="2192" status="PASS">
          <params>
            <param index="0">
              <value>
                <![CDATA[lakshmi@yahoo.com]]>
              </value>
            </param>
            <param index="1">
              <value>
                <![CDATA[Laxmi]]>
              </value>
            </param>
            <param index="2">
              <value>
                <![CDATA[Valid]]>
              </value>
            </param>
          </params>
          <reporter-output>
          </reporter-output>
        </test-method> <!-- verify_loginDDT -->
        <test-method signature="verify_loginDDT(java.lang.String,java.lang.String,java.lang.String)[pri:0, instance:testCases.TC003_LoginDDT@a4b2d8f]" started-at="2024-09-20T11:12:52 IST" name="verify_loginDDT" data-provider="LoginData" finished-at="2024-09-20T11:13:03 IST" duration-ms="11653" status="PASS">
          <params>
            <param index="0">
              <value>
                <![CDATA[laks@yahoo.com]]>
              </value>
            </param>
            <param index="1">
              <value>
                <![CDATA[xyz]]>
              </value>
            </param>
            <param index="2">
              <value>
                <![CDATA[Invalid]]>
              </value>
            </param>
          </params>
          <reporter-output>
          </reporter-output>
        </test-method> <!-- verify_loginDDT -->
        <test-method is-config="true" signature="tearDown()[pri:0, instance:testCases.TC003_LoginDDT@a4b2d8f]" started-at="2024-09-20T11:13:03 IST" name="tearDown" finished-at="2024-09-20T11:13:04 IST" duration-ms="997" status="PASS">
          <reporter-output>
          </reporter-output>
        </test-method> <!-- tearDown -->
      </class> <!-- testCases.TC003_LoginDDT -->
    </test> <!-- Test -->
  </suite> <!-- Suite -->
</testng-results>
